<?xml version="1.0" encoding="UTF-8"?>
<!-- Generated by org.testng.reporters.JUnitReportReporter -->
<testsuite hostname="DESKTOP-OJM2MG8" failures="0" tests="2" name="tests.LoginTest" time="43.621" errors="0" timestamp="29 Jan 2024 10:34:52 GMT" skipped="0">
  <testcase classname="tests.LoginTest" name="login" time="22.621"/>
  <testcase classname="tests.LoginTest" name="login" time="21.000"/>
</testsuite> <!-- tests.LoginTest -->
