<?xml version="1.0" encoding="UTF-8"?>
<!-- Generated by org.testng.reporters.JUnitReportReporter -->
<testsuite hostname="DESKTOP-OJM2MG8" failures="0" tests="1" name="tests.ProductTest" time="61.217" errors="0" timestamp="29 Jan 2024 10:03:46 GMT" skipped="0">
  <testcase classname="tests.ProductTest" name="productTest" time="61.217"/>
</testsuite> <!-- tests.ProductTest -->
