<?xml version="1.0" encoding="UTF-8"?>
<!-- Generated by org.testng.reporters.JUnitReportReporter -->
<testsuite hostname="DESKTOP-OJM2MG8" failures="0" tests="1" name="tests.ProductTest" time="64.354" errors="0" timestamp="2024-02-10T13:39:01 CET" skipped="0">
  <testcase classname="tests.ProductTest" name="productTest" time="64.354"/>
</testsuite> <!-- tests.ProductTest -->
