<?xml version="1.0" encoding="UTF-8"?>
<!-- Generated by org.testng.reporters.JUnitReportReporter -->
<testsuite hostname="DESKTOP-OJM2MG8" failures="0" tests="2" name="tests.LoginTest" time="46.563" errors="0" timestamp="2024-02-10T13:39:01 CET" skipped="0">
  <testcase classname="tests.LoginTest" name="login" time="26.037"/>
  <testcase classname="tests.LoginTest" name="login" time="20.526"/>
</testsuite> <!-- tests.LoginTest -->
